<?xml version="1.0" encoding="UTF-8"?>
<!-- Generated by org.testng.reporters.JUnitReportReporter -->
<testsuite hostname="Raghu-PC" name="com.jocata.star.workflow.RiseSTR2" tests="1" failures="0" timestamp="10 Jun 2017 11:44:57 GMT" time="565.962" errors="0">
  <testcase name="testforrise" time="565.962" classname="com.jocata.star.workflow.RiseSTR2"/>
</testsuite> <!-- com.jocata.star.workflow.RiseSTR2 -->
