<?xml version="1.0" encoding="UTF-8"?>
<!-- Generated by org.testng.reporters.JUnitReportReporter -->
<testsuite hostname="Raghu-PC" name="com.jocata.star.existingfuctions.AdvancedAddBenchMark" tests="1" failures="0" timestamp="27 Jul 2017 05:30:58 GMT" time="186.345" errors="0">
  <testcase name="init" time="186.345" classname="com.jocata.star.existingfuctions.AdvancedAddBenchMark"/>
</testsuite> <!-- com.jocata.star.existingfuctions.AdvancedAddBenchMark -->
