<?xml version="1.0" encoding="UTF-8"?>
<!-- Generated by org.testng.reporters.JUnitReportReporter -->
<testsuite hostname="Raghu-PC" name="com.jocata.star.scripts.NewCreateRuleJocata2" tests="1" failures="0" timestamp="27 Apr 2017 06:20:18 GMT" time="166.238" errors="0">
  <testcase name="loginNew" time="166.238" classname="com.jocata.star.scripts.NewCreateRuleJocata2"/>
</testsuite> <!-- com.jocata.star.scripts.NewCreateRuleJocata2 -->
