<?xml version="1.0" encoding="UTF-8"?>
<!-- Generated by org.testng.reporters.JUnitReportReporter -->
<testsuite hostname="Raghu-PC" name="com.jocata.star.existingfuctions.AddBenchMarkReportsChanges3" tests="1" failures="0" timestamp="9 May 2017 07:30:48 GMT" time="109.148" errors="0">
  <testcase name="init" time="109.148" classname="com.jocata.star.existingfuctions.AddBenchMarkReportsChanges3"/>
</testsuite> <!-- com.jocata.star.existingfuctions.AddBenchMarkReportsChanges3 -->
