<?xml version="1.0" encoding="UTF-8"?>
<!-- Generated by org.testng.reporters.JUnitReportReporter -->
<testsuite hostname="Raghu-PC" name="com.jocata.star.screens.ExclusionList" tests="1" failures="0" timestamp="2 Nov 2017 11:59:26 GMT" time="12.822" errors="0">
  <testcase name="testprofiles" time="12.822" classname="com.jocata.star.screens.ExclusionList"/>
</testsuite> <!-- com.jocata.star.screens.ExclusionList -->
