<?xml version="1.0" encoding="UTF-8"?>
<!-- Generated by org.testng.reporters.JUnitReportReporter -->
<testsuite hostname="Raghu-PC" name="com.jocata.star.RuleLibry.RuleLibraryDeleteBenchMark" tests="1" failures="0" timestamp="15 May 2017 12:24:22 GMT" time="16.077" errors="0">
  <testcase name="deletebenchmark" time="16.077" classname="com.jocata.star.RuleLibry.RuleLibraryDeleteBenchMark"/>
</testsuite> <!-- com.jocata.star.RuleLibry.RuleLibraryDeleteBenchMark -->
