<?xml version="1.0" encoding="UTF-8"?>
<!-- Generated by org.testng.reporters.JUnitReportReporter -->
<testsuite hostname="Raghu-PC" name="com.jocata.star.misreports.excatpdf.BenchMarkReportExtraction" tests="1" failures="0" timestamp="20 Jul 2017 09:27:18 GMT" time="117.766" errors="0">
  <testcase name="clicingmisreports" time="117.766" classname="com.jocata.star.misreports.excatpdf.BenchMarkReportExtraction"/>
</testsuite> <!-- com.jocata.star.misreports.excatpdf.BenchMarkReportExtraction -->
