<?xml version="1.0" encoding="UTF-8"?>
<!-- Generated by org.testng.reporters.JUnitReportReporter -->
<testsuite hostname="Raghu-PC" name="com.jocata.star.includeexculde.AddDelete" tests="1" failures="0" timestamp="26 Jul 2017 11:55:44 GMT" time="100.014" errors="0">
  <testcase name="clickadddelete" time="100.014" classname="com.jocata.star.includeexculde.AddDelete"/>
</testsuite> <!-- com.jocata.star.includeexculde.AddDelete -->
