<?xml version="1.0" encoding="UTF-8"?>
<!-- Generated by org.testng.reporters.JUnitReportReporter -->
<testsuite hostname="Raghu-PC" name="com.jocata.star.misreports.excatpdf.AddReportCaseDetailsReport" tests="1" failures="0" timestamp="17 Jul 2017 08:08:54 GMT" time="55.799" errors="0">
  <testcase name="addReport" time="55.799" classname="com.jocata.star.misreports.excatpdf.AddReportCaseDetailsReport"/>
</testsuite> <!-- com.jocata.star.misreports.excatpdf.AddReportCaseDetailsReport -->
