<?xml version="1.0" encoding="UTF-8"?>
<!-- Generated by org.testng.reporters.JUnitReportReporter -->
<testsuite hostname="Raghu-PC" name="com.jocata.star.workflow.WorkFllowActionSuggestFalsePostive" tests="1" failures="0" timestamp="29 May 2017 09:41:43 GMT" time="139.617" errors="0">
  <testcase name="login" time="139.617" classname="com.jocata.star.workflow.WorkFllowActionSuggestFalsePostive"/>
</testsuite> <!-- com.jocata.star.workflow.WorkFllowActionSuggestFalsePostive -->
