<?xml version="1.0" encoding="UTF-8"?>
<!-- Generated by org.testng.reporters.JUnitReportReporter -->
<testsuite hostname="Raghu-PC" name="com.jocata.star.AddManualEvent.AddManualEventCustomerid" tests="1" failures="0" timestamp="15 May 2017 05:48:11 GMT" time="5.961" errors="0">
  <testcase name="clickmanualevent" time="5.961" classname="com.jocata.star.AddManualEvent.AddManualEventCustomerid"/>
</testsuite> <!-- com.jocata.star.AddManualEvent.AddManualEventCustomerid -->
