<?xml version="1.0" encoding="UTF-8"?>
<!-- Generated by org.testng.reporters.JUnitReportReporter -->
<testsuite hostname="Raghu-PC" name="com.jocata.star.workflow.RiseSTR" tests="1" failures="0" timestamp="6 Jun 2017 05:47:00 GMT" time="569.110" errors="0">
  <testcase name="testforrise" time="569.110" classname="com.jocata.star.workflow.RiseSTR"/>
</testsuite> <!-- com.jocata.star.workflow.RiseSTR -->
