<?xml version="1.0" encoding="UTF-8"?>
<!-- Generated by org.testng.reporters.JUnitReportReporter -->
<testsuite hostname="Raghu-PC" name="com.jocata.star.misreports.Misreports3" tests="1" failures="0" timestamp="14 Jul 2017 10:02:52 GMT" time="156.601" errors="0">
  <testcase name="clickingmisreports" time="156.601" classname="com.jocata.star.misreports.Misreports3"/>
</testsuite> <!-- com.jocata.star.misreports.Misreports3 -->
