<?xml version="1.0" encoding="UTF-8"?>
<!-- Generated by org.testng.reporters.JUnitReportReporter -->
<testsuite hostname="Raghu-PC" name="com.jocata.star.Centra.CentraViewErrors" tests="1" failures="0" timestamp="15 May 2017 13:54:20 GMT" time="15.754" errors="0">
  <testcase name="clickViewErrors" time="15.754" classname="com.jocata.star.Centra.CentraViewErrors"/>
</testsuite> <!-- com.jocata.star.Centra.CentraViewErrors -->
