<?xml version="1.0" encoding="UTF-8"?>
<!-- Generated by org.testng.reporters.JUnitReportReporter -->
<testsuite hostname="Raghu-PC" name="com.jocata.star.includeexculde.CaseReassign2" tests="1" failures="0" timestamp="26 Jul 2017 08:13:24 GMT" time="116.099" errors="0">
  <testcase name="clickcasereassign" time="116.099" classname="com.jocata.star.includeexculde.CaseReassign2"/>
</testsuite> <!-- com.jocata.star.includeexculde.CaseReassign2 -->
