<?xml version="1.0" encoding="UTF-8"?>
<!-- Generated by org.testng.reporters.JUnitReportReporter -->
<testsuite hostname="Raghu-PC" name="com.jocata.star.exportexcels.NetworkExportGraph" tests="1" failures="0" timestamp="2 Nov 2017 11:59:26 GMT" time="147.274" errors="0">
  <testcase name="login" time="147.274" classname="com.jocata.star.exportexcels.NetworkExportGraph"/>
</testsuite> <!-- com.jocata.star.exportexcels.NetworkExportGraph -->
