<?xml version="1.0" encoding="UTF-8"?>
<!-- Generated by org.testng.reporters.JUnitReportReporter -->
<testsuite hostname="Raghu-PC" name="com.jocata.star.falsepositive.FalsePositiveUpdate" tests="1" failures="0" timestamp="12 May 2017 11:31:03 GMT" time="16.658" errors="0">
  <testcase name="testprofiles" time="16.658" classname="com.jocata.star.falsepositive.FalsePositiveUpdate"/>
</testsuite> <!-- com.jocata.star.falsepositive.FalsePositiveUpdate -->
