<?xml version="1.0" encoding="UTF-8"?>
<!-- Generated by org.testng.reporters.JUnitReportReporter -->
<testsuite hostname="Raghu-PC" name="com.jocata.star.existingfuctions.AddruleChangesFuctionaltiy2" tests="1" failures="0" timestamp="29 Jun 2017 10:02:59 GMT" time="124.421" errors="0">
  <testcase name="loginNew" time="124.421" classname="com.jocata.star.existingfuctions.AddruleChangesFuctionaltiy2"/>
</testsuite> <!-- com.jocata.star.existingfuctions.AddruleChangesFuctionaltiy2 -->
