<?xml version="1.0" encoding="UTF-8"?>
<!-- Generated by org.testng.reporters.JUnitReportReporter -->
<testsuite hostname="Raghu-PC" name="com.jocata.star.exportexcels.DashboardTask" tests="1" failures="0" timestamp="2 Nov 2017 11:59:26 GMT" time="46.057" errors="0">
  <testcase name="testDashBoard" time="46.057" classname="com.jocata.star.exportexcels.DashboardTask"/>
</testsuite> <!-- com.jocata.star.exportexcels.DashboardTask -->
