<?xml version="1.0" encoding="UTF-8"?>
<!-- Generated by org.testng.reporters.JUnitReportReporter -->
<testsuite hostname="Raghu-PC" name="com.jocata.star.RuleLibry.RuleLibraryAddandDelete" tests="1" failures="0" timestamp="15 May 2017 13:52:02 GMT" time="99.811" errors="0">
  <testcase name="deletebenchmark" time="99.811" classname="com.jocata.star.RuleLibry.RuleLibraryAddandDelete"/>
</testsuite> <!-- com.jocata.star.RuleLibry.RuleLibraryAddandDelete -->
