<?xml version="1.0" encoding="UTF-8"?>
<!-- Generated by org.testng.reporters.JUnitReportReporter -->
<testsuite hostname="Raghu-PC" name="com.jocata.star.AddManualEvent.AddManualEventAccountNum" tests="1" failures="0" timestamp="15 May 2017 06:14:53 GMT" time="7.210" errors="0">
  <testcase name="clickmanualEventAccountNum" time="7.210" classname="com.jocata.star.AddManualEvent.AddManualEventAccountNum"/>
</testsuite> <!-- com.jocata.star.AddManualEvent.AddManualEventAccountNum -->
