<?xml version="1.0" encoding="UTF-8"?>
<!-- Generated by org.testng.reporters.JUnitReportReporter -->
<testsuite hostname="Raghu-PC" name="com.jocata.star.existingfuctions.AddruleChangesFuctionaltiy" tests="1" failures="0" timestamp="2 Nov 2017 11:59:26 GMT" time="153.808" errors="0">
  <testcase name="loginNew" time="153.808" classname="com.jocata.star.existingfuctions.AddruleChangesFuctionaltiy"/>
</testsuite> <!-- com.jocata.star.existingfuctions.AddruleChangesFuctionaltiy -->
