<?xml version="1.0" encoding="UTF-8"?>
<!-- Generated by org.testng.reporters.JUnitReportReporter -->
<testsuite hostname="Raghu-PC" name="com.jocata.star.misreports.Misreports2" tests="1" failures="0" timestamp="14 Jul 2017 08:44:16 GMT" time="60.621" errors="0">
  <testcase name="clickingmisreports" time="60.621" classname="com.jocata.star.misreports.Misreports2"/>
</testsuite> <!-- com.jocata.star.misreports.Misreports2 -->
