<?xml version="1.0" encoding="UTF-8"?>
<!-- Generated by org.testng.reporters.JUnitReportReporter -->
<testsuite hostname="Raghu-PC" name="com.jocata.star.misreports.AddBenchMarkBenchMarkRun" tests="1" failures="0" timestamp="28 Jul 2017 04:59:15 GMT" time="74.231" errors="0">
  <testcase name="addReport" time="74.231" classname="com.jocata.star.misreports.AddBenchMarkBenchMarkRun"/>
</testsuite> <!-- com.jocata.star.misreports.AddBenchMarkBenchMarkRun -->
