<?xml version="1.0" encoding="UTF-8"?>
<!-- Generated by org.testng.reporters.JUnitReportReporter -->
<testsuite hostname="Raghu-PC" name="com.jocata.star.misreports.excatpdf.AddReportUserCaseDetailsReportLatest" tests="1" failures="0" timestamp="20 Jul 2017 07:12:40 GMT" time="56.656" errors="0">
  <testcase name="addReport" time="56.656" classname="com.jocata.star.misreports.excatpdf.AddReportUserCaseDetailsReportLatest"/>
</testsuite> <!-- com.jocata.star.misreports.excatpdf.AddReportUserCaseDetailsReportLatest -->
