<?xml version="1.0" encoding="UTF-8"?>
<!-- Generated by org.testng.reporters.JUnitReportReporter -->
<testsuite hostname="Raghu-PC" name="com.jocata.star.workflow.WorkFlowRaiseSTR" tests="1" failures="0" timestamp="31 May 2017 09:08:19 GMT" time="254.325" errors="0">
  <testcase name="login" time="254.325" classname="com.jocata.star.workflow.WorkFlowRaiseSTR"/>
</testsuite> <!-- com.jocata.star.workflow.WorkFlowRaiseSTR -->
