<?xml version="1.0" encoding="UTF-8"?>
<!-- Generated by org.testng.reporters.JUnitReportReporter -->
<testsuite hostname="Raghu-PC" name="com.jocata.star.Sort.SortOnLastActivivtyDate" tests="1" failures="0" timestamp="9 May 2017 12:02:14 GMT" time="68.470" errors="0">
  <testcase name="clickonSortonLastupdate" time="68.470" classname="com.jocata.star.Sort.SortOnLastActivivtyDate"/>
</testsuite> <!-- com.jocata.star.Sort.SortOnLastActivivtyDate -->
