<?xml version="1.0" encoding="UTF-8"?>
<!-- Generated by org.testng.reporters.JUnitReportReporter -->
<testsuite hostname="Raghu-PC" name="com.jocata.star.Taskboard.AccountTrunover" tests="1" failures="0" timestamp="12 May 2017 07:14:17 GMT" time="46.047" errors="0">
  <testcase name="clickcaseid" time="46.047" classname="com.jocata.star.Taskboard.AccountTrunover"/>
</testsuite> <!-- com.jocata.star.Taskboard.AccountTrunover -->
