<?xml version="1.0" encoding="UTF-8"?>
<!-- Generated by org.testng.reporters.JUnitReportReporter -->
<testsuite hostname="Raghu-PC" name="com.jocata.star.Sort.SortOnBranch" tests="1" failures="0" timestamp="9 May 2017 09:53:28 GMT" time="25.744" errors="0">
  <testcase name="clickcaseid" time="25.744" classname="com.jocata.star.Sort.SortOnBranch"/>
</testsuite> <!-- com.jocata.star.Sort.SortOnBranch -->
