<?xml version="1.0" encoding="UTF-8"?>
<!-- Generated by org.testng.reporters.JUnitReportReporter -->
<testsuite hostname="Raghu-PC" name="com.jocata.star.grid.GridAddReport3" tests="1" failures="0" timestamp="2 Nov 2017 11:59:26 GMT" time="174.232" errors="0">
  <testcase name="GridTest" time="174.232" classname="com.jocata.star.grid.GridAddReport3"/>
</testsuite> <!-- com.jocata.star.grid.GridAddReport3 -->
