<?xml version="1.0" encoding="UTF-8"?>
<!-- Generated by org.testng.reporters.JUnitReportReporter -->
<testsuite hostname="Raghu-PC" name="com.jocata.star.misreports.excatpdf.UserDetailsReportExtraction" tests="1" failures="0" timestamp="20 Jul 2017 08:46:40 GMT" time="83.378" errors="0">
  <testcase name="clicingmisreports" time="83.378" classname="com.jocata.star.misreports.excatpdf.UserDetailsReportExtraction"/>
</testsuite> <!-- com.jocata.star.misreports.excatpdf.UserDetailsReportExtraction -->
