<?xml version="1.0" encoding="UTF-8"?>
<!-- Generated by org.testng.reporters.JUnitReportReporter -->
<testsuite hostname="Raghu-PC" name="com.jocata.star.RunStar.AdvanceSearchStar2" tests="1" failures="0" timestamp="2 Nov 2017 11:28:50 GMT" time="424.216" errors="0">
  <testcase name="loginAdvance" time="424.216" classname="com.jocata.star.RunStar.AdvanceSearchStar2"/>
</testsuite> <!-- com.jocata.star.RunStar.AdvanceSearchStar2 -->
