<?xml version="1.0" encoding="UTF-8"?>
<!-- Generated by org.testng.reporters.JUnitReportReporter -->
<testsuite hostname="Raghu-PC" name="com.jocata.star.misreports.excatpdf.AddReportUserCaseDetailsReport" tests="1" failures="0" timestamp="17 Jul 2017 08:20:07 GMT" time="57.147" errors="0">
  <testcase name="addReport" time="57.147" classname="com.jocata.star.misreports.excatpdf.AddReportUserCaseDetailsReport"/>
</testsuite> <!-- com.jocata.star.misreports.excatpdf.AddReportUserCaseDetailsReport -->
