<?xml version="1.0" encoding="UTF-8"?>
<!-- Generated by org.testng.reporters.JUnitReportReporter -->
<testsuite hostname="Raghu-PC" name="com.jocata.star.RunStar.AdvanceSearchReal" tests="1" failures="0" timestamp="21 Jun 2017 12:45:41 GMT" time="800.918" errors="0">
  <testcase name="loginAdvance" time="800.918" classname="com.jocata.star.RunStar.AdvanceSearchReal"/>
</testsuite> <!-- com.jocata.star.RunStar.AdvanceSearchReal -->
