<?xml version="1.0" encoding="UTF-8"?>
<!-- Generated by org.testng.reporters.JUnitReportReporter -->
<testsuite hostname="Raghu-PC" name="com.jocata.star.RuleLibry.RuleLibraryDeleteBenchMark2" tests="1" failures="0" timestamp="15 May 2017 12:35:47 GMT" time="15.909" errors="0">
  <testcase name="deletebenchmark" time="15.909" classname="com.jocata.star.RuleLibry.RuleLibraryDeleteBenchMark2"/>
</testsuite> <!-- com.jocata.star.RuleLibry.RuleLibraryDeleteBenchMark2 -->
