<?xml version="1.0" encoding="UTF-8"?>
<!-- Generated by org.testng.reporters.JUnitReportReporter -->
<testsuite hostname="Raghu-PC" name="com.jocata.star.exportexcels.CustomerPeerProfile" tests="1" failures="0" timestamp="2 Nov 2017 11:59:26 GMT" time="150.213" errors="0">
  <testcase name="login" time="150.213" classname="com.jocata.star.exportexcels.CustomerPeerProfile"/>
</testsuite> <!-- com.jocata.star.exportexcels.CustomerPeerProfile -->
