<?xml version="1.0" encoding="UTF-8"?>
<!-- Generated by org.testng.reporters.JUnitReportReporter -->
<testsuite hostname="Raghu-PC" name="com.jocata.star.scripts.AddBenchMarkJocata" tests="1" failures="0" timestamp="27 Apr 2017 06:20:18 GMT" time="154.184" errors="0">
  <testcase name="init" time="154.184" classname="com.jocata.star.scripts.AddBenchMarkJocata"/>
</testsuite> <!-- com.jocata.star.scripts.AddBenchMarkJocata -->
