<?xml version="1.0" encoding="UTF-8"?>
<!-- Generated by org.testng.reporters.JUnitReportReporter -->
<testsuite hostname="Raghu-PC" name="com.jocata.star.workflow.practise.Cureentcases2" tests="1" failures="0" timestamp="16 Aug 2017 06:44:04 GMT" time="22.464" errors="0">
  <testcase name="login" time="22.464" classname="com.jocata.star.workflow.practise.Cureentcases2"/>
</testsuite> <!-- com.jocata.star.workflow.practise.Cureentcases2 -->
