<?xml version="1.0" encoding="UTF-8"?>
<!-- Generated by org.testng.reporters.JUnitReportReporter -->
<testsuite hostname="Raghu-PC" name="com.jocata.star.Sort.SortOnLastUpdateddate" tests="1" failures="0" timestamp="9 May 2017 11:52:46 GMT" time="67.826" errors="0">
  <testcase name="clickonSortonLastupdate" time="67.826" classname="com.jocata.star.Sort.SortOnLastUpdateddate"/>
</testsuite> <!-- com.jocata.star.Sort.SortOnLastUpdateddate -->
