<?xml version="1.0" encoding="UTF-8"?>
<!-- Generated by org.testng.reporters.JUnitReportReporter -->
<testsuite hostname="Raghu-PC" name="com.jocata.star.dashboard.DashboardUserSelection" tests="1" failures="0" timestamp="9 May 2017 06:13:19 GMT" time="3.785" errors="0">
  <testcase name="test" time="3.785" classname="com.jocata.star.dashboard.DashboardUserSelection"/>
</testsuite> <!-- com.jocata.star.dashboard.DashboardUserSelection -->
