<?xml version="1.0" encoding="UTF-8"?>
<!-- Generated by org.testng.reporters.JUnitReportReporter -->
<testsuite hostname="Raghu-PC" name="com.jocata.star.dashboard.DashboardWorkFlowDrillDown" tests="1" failures="0" timestamp="9 May 2017 07:04:31 GMT" time="31.013" errors="0">
  <testcase name="test" time="31.013" classname="com.jocata.star.dashboard.DashboardWorkFlowDrillDown"/>
</testsuite> <!-- com.jocata.star.dashboard.DashboardWorkFlowDrillDown -->
