<?xml version="1.0" encoding="UTF-8"?>
<!-- Generated by org.testng.reporters.JUnitReportReporter -->
<testsuite hostname="Raghu-PC" name="com.jocata.star.misreports.AddReportUserCaseDetailsReport" tests="1" failures="0" timestamp="28 Jul 2017 04:59:15 GMT" time="57.161" errors="0">
  <testcase name="addReport" time="57.161" classname="com.jocata.star.misreports.AddReportUserCaseDetailsReport"/>
</testsuite> <!-- com.jocata.star.misreports.AddReportUserCaseDetailsReport -->
