<?xml version="1.0" encoding="UTF-8"?>
<!-- Generated by org.testng.reporters.JUnitReportReporter -->
<testsuite hostname="Raghu-PC" name="com.jocata.star.screens.CustomerDetailsProfile" tests="1" failures="0" timestamp="2 Nov 2017 11:59:26 GMT" time="16.924" errors="0">
  <testcase name="testprofiles" time="16.924" classname="com.jocata.star.screens.CustomerDetailsProfile"/>
</testsuite> <!-- com.jocata.star.screens.CustomerDetailsProfile -->
