<?xml version="1.0" encoding="UTF-8"?>
<!-- Generated by org.testng.reporters.JUnitReportReporter -->
<testsuite hostname="Raghu-PC" name="com.jocata.star.falsepositive.FalsePositiveRuleId" tests="1" failures="0" timestamp="12 May 2017 11:00:11 GMT" time="8.003" errors="0">
  <testcase name="testprofiles" time="8.003" classname="com.jocata.star.falsepositive.FalsePositiveRuleId"/>
</testsuite> <!-- com.jocata.star.falsepositive.FalsePositiveRuleId -->
