<?xml version="1.0" encoding="UTF-8"?>
<!-- Generated by org.testng.reporters.JUnitReportReporter -->
<testsuite hostname="Raghu-PC" name="com.jocata.star.reportsdownload.MisReportsDownload2" tests="1" failures="0" timestamp="27 Apr 2017 07:08:58 GMT" time="633.285" errors="0">
  <testcase name="ZZZZZ" time="633.285" classname="com.jocata.star.reportsdownload.MisReportsDownload2"/>
</testsuite> <!-- com.jocata.star.reportsdownload.MisReportsDownload2 -->
