<?xml version="1.0" encoding="UTF-8"?>
<!-- Generated by org.testng.reporters.JUnitReportReporter -->
<testsuite hostname="Raghu-PC" name="com.jocata.star.Mis.Latest.UserCaseDetailsReport2" tests="1" failures="0" timestamp="21 Jul 2017 07:04:11 GMT" time="55.804" errors="0">
  <testcase name="clicingmisreports" time="55.804" classname="com.jocata.star.Mis.Latest.UserCaseDetailsReport2"/>
</testsuite> <!-- com.jocata.star.Mis.Latest.UserCaseDetailsReport2 -->
