<?xml version="1.0" encoding="UTF-8"?>
<!-- Generated by org.testng.reporters.JUnitReportReporter -->
<testsuite hostname="Raghu-PC" name="com.jocata.star.misreports.Misreports4" tests="1" failures="0" timestamp="14 Jul 2017 12:24:17 GMT" time="86.044" errors="0">
  <testcase name="clickingmisreports" time="86.044" classname="com.jocata.star.misreports.Misreports4"/>
</testsuite> <!-- com.jocata.star.misreports.Misreports4 -->
