<?xml version="1.0" encoding="UTF-8"?>
<!-- Generated by org.testng.reporters.JUnitReportReporter -->
<testsuite hostname="Raghu-PC" name="com.jocata.star.misreports.AddReportRuleSummary" tests="1" failures="0" timestamp="2 Nov 2017 11:28:50 GMT" time="46.515" errors="0">
  <testcase name="addReport" time="46.515" classname="com.jocata.star.misreports.AddReportRuleSummary"/>
</testsuite> <!-- com.jocata.star.misreports.AddReportRuleSummary -->
