<?xml version="1.0" encoding="UTF-8"?>
<!-- Generated by org.testng.reporters.JUnitReportReporter -->
<testsuite hostname="Raghu-PC" name="com.jocata.star.dashboard.DashboardLevelSelection" tests="1" failures="0" timestamp="9 May 2017 06:23:41 GMT" time="19.134" errors="0">
  <testcase name="test" time="19.134" classname="com.jocata.star.dashboard.DashboardLevelSelection"/>
</testsuite> <!-- com.jocata.star.dashboard.DashboardLevelSelection -->
