<?xml version="1.0" encoding="UTF-8"?>
<!-- Generated by org.testng.reporters.JUnitReportReporter -->
<testsuite hostname="Raghu-PC" name="com.jocata.star.misreports.excatpdf.BenchmarkDetailsextractions" tests="1" failures="0" timestamp="20 Jul 2017 09:42:20 GMT" time="79.909" errors="0">
  <testcase name="clicingmisreports" time="79.909" classname="com.jocata.star.misreports.excatpdf.BenchmarkDetailsextractions"/>
</testsuite> <!-- com.jocata.star.misreports.excatpdf.BenchmarkDetailsextractions -->
