<?xml version="1.0" encoding="UTF-8"?>
<!-- Generated by org.testng.reporters.JUnitReportReporter -->
<testsuite hostname="Raghu-PC" name="com.jocata.star.workflow.WorkflowSave" tests="1" failures="0" timestamp="12 May 2017 05:48:40 GMT" time="42.046" errors="0">
  <testcase name="login" time="42.046" classname="com.jocata.star.workflow.WorkflowSave"/>
</testsuite> <!-- com.jocata.star.workflow.WorkflowSave -->
