<?xml version="1.0" encoding="UTF-8"?>
<!-- Generated by org.testng.reporters.JUnitReportReporter -->
<testsuite hostname="Raghu-PC" name="com.jocata.star.misreports.excatpdf.DashboardInvestigationExtractions" tests="1" failures="0" timestamp="20 Jul 2017 08:59:33 GMT" time="34.451" errors="0">
  <testcase name="clickrules" time="34.451" classname="com.jocata.star.misreports.excatpdf.DashboardInvestigationExtractions"/>
</testsuite> <!-- com.jocata.star.misreports.excatpdf.DashboardInvestigationExtractions -->
