<?xml version="1.0" encoding="UTF-8"?>
<!-- Generated by org.testng.reporters.JUnitReportReporter -->
<testsuite hostname="Raghu-PC" name="com.jocata.star.dashboard.DashboardAgeingDrillDown" tests="1" failures="0" timestamp="9 May 2017 06:55:31 GMT" time="13.073" errors="0">
  <testcase name="testlevel" time="13.073" classname="com.jocata.star.dashboard.DashboardAgeingDrillDown"/>
</testsuite> <!-- com.jocata.star.dashboard.DashboardAgeingDrillDown -->
