<?xml version="1.0" encoding="UTF-8"?>
<!-- Generated by org.testng.reporters.JUnitReportReporter -->
<testsuite hostname="Raghu-PC" name="com.jocata.star.scripts.AdvanceSearchJocataSe" tests="1" failures="0" timestamp="9 Jun 2017 09:42:54 GMT" time="480.392" errors="0">
  <testcase name="loginAdvance" time="480.392" classname="com.jocata.star.scripts.AdvanceSearchJocataSe"/>
</testsuite> <!-- com.jocata.star.scripts.AdvanceSearchJocataSe -->
