<?xml version="1.0" encoding="UTF-8"?>
<!-- Generated by org.testng.reporters.JUnitReportReporter -->
<testsuite hostname="Raghu-PC" name="com.jocata.star.scripts.StarCase8Jocata" tests="1" failures="0" timestamp="2 Nov 2017 11:28:50 GMT" time="83.091" errors="0">
  <testcase name="test" time="83.091" classname="com.jocata.star.scripts.StarCase8Jocata"/>
</testsuite> <!-- com.jocata.star.scripts.StarCase8Jocata -->
