<?xml version="1.0" encoding="UTF-8"?>
<!-- Generated by org.testng.reporters.JUnitReportReporter -->
<testsuite hostname="Raghu-PC" name="com.jocata.star.falsepositive.FalsepositiveCustomerId" tests="1" failures="0" timestamp="12 May 2017 11:21:19 GMT" time="8.173" errors="0">
  <testcase name="testprofiles" time="8.173" classname="com.jocata.star.falsepositive.FalsepositiveCustomerId"/>
</testsuite> <!-- com.jocata.star.falsepositive.FalsepositiveCustomerId -->
