<?xml version="1.0" encoding="UTF-8"?>
<!-- Generated by org.testng.reporters.JUnitReportReporter -->
<testsuite hostname="Raghu-PC" name="com.jocata.star.includeexculde.AddDelete2" tests="1" failures="0" timestamp="27 Jul 2017 07:37:22 GMT" time="100.699" errors="0">
  <testcase name="clickadddelete" time="100.699" classname="com.jocata.star.includeexculde.AddDelete2"/>
</testsuite> <!-- com.jocata.star.includeexculde.AddDelete2 -->
