<?xml version="1.0" encoding="UTF-8"?>
<!-- Generated by org.testng.reporters.JUnitReportReporter -->
<testsuite hostname="Raghu-PC" name="com.jocata.star.includeexculde.STARModules" tests="1" failures="0" timestamp="11 Aug 2017 12:18:38 GMT" time="573.503" errors="0">
  <testcase name="clickingStarmodules" time="573.503" classname="com.jocata.star.includeexculde.STARModules"/>
</testsuite> <!-- com.jocata.star.includeexculde.STARModules -->
