<?xml version="1.0" encoding="UTF-8"?>
<!-- Generated by org.testng.reporters.JUnitReportReporter -->
<testsuite hostname="Raghu-PC" name="com.jocata.star.misreports.AddReportUserCaseDetailsReport2" tests="1" failures="0" timestamp="2 Nov 2017 11:28:50 GMT" time="52.042" errors="0">
  <testcase name="addReport" time="52.042" classname="com.jocata.star.misreports.AddReportUserCaseDetailsReport2"/>
</testsuite> <!-- com.jocata.star.misreports.AddReportUserCaseDetailsReport2 -->
