<?xml version="1.0" encoding="UTF-8"?>
<!-- Generated by org.testng.reporters.JUnitReportReporter -->
<testsuite hostname="Raghu-PC" name="com.jocata.star.Taskboard.SearchForTrancations" tests="1" failures="0" timestamp="11 May 2017 13:16:19 GMT" time="77.899" errors="0">
  <testcase name="clickcaseid" time="77.899" classname="com.jocata.star.Taskboard.SearchForTrancations"/>
</testsuite> <!-- com.jocata.star.Taskboard.SearchForTrancations -->
