<?xml version="1.0" encoding="UTF-8"?>
<!-- Generated by org.testng.reporters.JUnitReportReporter -->
<testsuite hostname="Raghu-PC" name="com.jocata.star.misreports.AddReportEventDetailsReport" tests="1" failures="0" timestamp="2 Nov 2017 11:28:50 GMT" time="46.394" errors="0">
  <testcase name="addReport" time="46.394" classname="com.jocata.star.misreports.AddReportEventDetailsReport"/>
</testsuite> <!-- com.jocata.star.misreports.AddReportEventDetailsReport -->
