<?xml version="1.0" encoding="UTF-8"?>
<!-- Generated by org.testng.reporters.JUnitReportReporter -->
<testsuite hostname="Raghu-PC" name="com.jocata.star.falsepositive.FalsePositiveAddby" tests="1" failures="0" timestamp="12 May 2017 11:24:59 GMT" time="8.337" errors="0">
  <testcase name="testprofiles" time="8.337" classname="com.jocata.star.falsepositive.FalsePositiveAddby"/>
</testsuite> <!-- com.jocata.star.falsepositive.FalsePositiveAddby -->
