<?xml version="1.0" encoding="UTF-8"?>
<!-- Generated by org.testng.reporters.JUnitReportReporter -->
<testsuite hostname="Raghu-PC" name="com.jocata.star.misreports.excatpdf.EventDetailsReportExtraction" tests="1" failures="0" timestamp="20 Jul 2017 08:54:26 GMT" time="34.258" errors="0">
  <testcase name="clickrules" time="34.258" classname="com.jocata.star.misreports.excatpdf.EventDetailsReportExtraction"/>
</testsuite> <!-- com.jocata.star.misreports.excatpdf.EventDetailsReportExtraction -->
