<?xml version="1.0" encoding="UTF-8"?>
<!-- Generated by org.testng.reporters.JUnitReportReporter -->
<testsuite hostname="Raghu-PC" name="com.jocata.star.misreports.excatpdf.CaseDetailsReportExtraction" tests="1" failures="0" timestamp="20 Jul 2017 09:07:36 GMT" time="83.279" errors="0">
  <testcase name="clickcaseetails" time="83.279" classname="com.jocata.star.misreports.excatpdf.CaseDetailsReportExtraction"/>
</testsuite> <!-- com.jocata.star.misreports.excatpdf.CaseDetailsReportExtraction -->
