<?xml version="1.0" encoding="UTF-8"?>
<!-- Generated by org.testng.reporters.JUnitReportReporter -->
<testsuite hostname="Raghu-PC" name="com.jocata.star.includeexculde.GridModules2" tests="1" failures="0" timestamp="2 Nov 2017 11:59:26 GMT" time="52.210" errors="0">
  <testcase name="clickgridmodules" time="52.210" classname="com.jocata.star.includeexculde.GridModules2"/>
</testsuite> <!-- com.jocata.star.includeexculde.GridModules2 -->
