<?xml version="1.0" encoding="UTF-8"?>
<!-- Generated by org.testng.reporters.JUnitReportReporter -->
<testsuite hostname="Raghu-PC" name="com.jocata.star.RunStar.MisReportsExtreaction" tests="1" failures="0" timestamp="20 Jul 2017 07:43:03 GMT" time="190.821" errors="0">
  <testcase name="clicingmisreports" time="190.821" classname="com.jocata.star.RunStar.MisReportsExtreaction"/>
</testsuite> <!-- com.jocata.star.RunStar.MisReportsExtreaction -->
