<?xml version="1.0" encoding="UTF-8"?>
<!-- Generated by org.testng.reporters.JUnitReportReporter -->
<testsuite hostname="Raghu-PC" name="com.jocata.star.scripts.SimpleSearchJocata" tests="1" failures="0" timestamp="2 Nov 2017 11:28:50 GMT" time="459.976" errors="0">
  <testcase name="loginsimple" time="459.976" classname="com.jocata.star.scripts.SimpleSearchJocata"/>
</testsuite> <!-- com.jocata.star.scripts.SimpleSearchJocata -->
