<?xml version="1.0" encoding="UTF-8"?>
<!-- Generated by org.testng.reporters.JUnitReportReporter -->
<testsuite hostname="Raghu-PC" name="com.jocata.star.workflow.practise.RuleSimualtionLatest" tests="1" failures="0" timestamp="16 Jun 2017 06:57:32 GMT" time="14.282" errors="0">
  <testcase name="clickRulesimualtes" time="14.282" classname="com.jocata.star.workflow.practise.RuleSimualtionLatest"/>
</testsuite> <!-- com.jocata.star.workflow.practise.RuleSimualtionLatest -->
