<?xml version="1.0" encoding="UTF-8"?>
<!-- Generated by org.testng.reporters.JUnitReportReporter -->
<testsuite hostname="Raghu-PC" name="com.jocata.star.grid.IncludingPermissions2" tests="1" failures="0" timestamp="10 Jul 2017 12:21:20 GMT" time="127.444" errors="0">
  <testcase name="GridTest" time="127.444" classname="com.jocata.star.grid.IncludingPermissions2"/>
</testsuite> <!-- com.jocata.star.grid.IncludingPermissions2 -->
