<?xml version="1.0" encoding="UTF-8"?>
<!-- Generated by org.testng.reporters.JUnitReportReporter -->
<testsuite hostname="Raghu-PC" name="com.jocata.star.misreports.excatpdf.AddReportCaseDetailsReportsLatest" tests="1" failures="0" timestamp="20 Jul 2017 07:12:40 GMT" time="55.450" errors="0">
  <testcase name="addReport" time="55.450" classname="com.jocata.star.misreports.excatpdf.AddReportCaseDetailsReportsLatest"/>
</testsuite> <!-- com.jocata.star.misreports.excatpdf.AddReportCaseDetailsReportsLatest -->
