<?xml version="1.0" encoding="UTF-8"?>
<!-- Generated by org.testng.reporters.JUnitReportReporter -->
<testsuite hostname="Raghu-PC" name="com.jocata.star.workflow.WorkFlowActionsForWard" tests="1" failures="0" timestamp="2 Nov 2017 11:28:50 GMT" time="106.800" errors="0">
  <testcase name="login" time="106.800" classname="com.jocata.star.workflow.WorkFlowActionsForWard"/>
</testsuite> <!-- com.jocata.star.workflow.WorkFlowActionsForWard -->
