<?xml version="1.0" encoding="UTF-8"?>
<!-- Generated by org.testng.reporters.JUnitReportReporter -->
<testsuite hostname="Raghu-PC" name="com.jocata.star.workflow.WorkflowSaveChanges" tests="1" failures="0" timestamp="12 May 2017 12:20:41 GMT" time="74.749" errors="0">
  <testcase name="login" time="74.749" classname="com.jocata.star.workflow.WorkflowSaveChanges"/>
</testsuite> <!-- com.jocata.star.workflow.WorkflowSaveChanges -->
