<?xml version="1.0" encoding="UTF-8"?>
<!-- Generated by org.testng.reporters.JUnitReportReporter -->
<testsuite hostname="Raghu-PC" name="com.jocata.star.scripts.StarNavigationJocata" tests="1" failures="0" timestamp="2 Nov 2017 11:28:50 GMT" time="108.622" errors="0">
  <testcase name="loginNavigation" time="108.622" classname="com.jocata.star.scripts.StarNavigationJocata"/>
</testsuite> <!-- com.jocata.star.scripts.StarNavigationJocata -->
