<?xml version="1.0" encoding="UTF-8"?>
<!-- Generated by org.testng.reporters.JUnitReportReporter -->
<testsuite hostname="Raghu-PC" name="com.jocata.star.grid.GridAddReport2" tests="1" failures="0" timestamp="27 Jul 2017 06:54:33 GMT" time="122.473" errors="0">
  <testcase name="GridTest" time="122.473" classname="com.jocata.star.grid.GridAddReport2"/>
</testsuite> <!-- com.jocata.star.grid.GridAddReport2 -->
