<?xml version="1.0" encoding="UTF-8"?>
<!-- Generated by org.testng.reporters.JUnitReportReporter -->
<testsuite hostname="Raghu-PC" name="com.jocata.star.workflow.practise.Cureentcases" tests="1" failures="0" timestamp="16 Aug 2017 07:06:08 GMT" time="35.257" errors="0">
  <testcase name="login" time="35.257" classname="com.jocata.star.workflow.practise.Cureentcases"/>
</testsuite> <!-- com.jocata.star.workflow.practise.Cureentcases -->
