<?xml version="1.0" encoding="UTF-8"?>
<!-- Generated by org.testng.reporters.JUnitReportReporter -->
<testsuite hostname="Raghu-PC" name="com.jocata.star.workflow.RiseSTR3" tests="1" failures="0" timestamp="2 Nov 2017 11:28:50 GMT" time="451.426" errors="0">
  <testcase name="testforrise" time="451.426" classname="com.jocata.star.workflow.RiseSTR3"/>
</testsuite> <!-- com.jocata.star.workflow.RiseSTR3 -->
