<?xml version="1.0" encoding="UTF-8"?>
<!-- Generated by org.testng.reporters.JUnitReportReporter -->
<testsuite hostname="Raghu-PC" name="com.jocata.star.Sort.SortOnAmount" tests="1" failures="0" timestamp="9 May 2017 10:30:18 GMT" time="68.883" errors="0">
  <testcase name="clickcaseid" time="68.883" classname="com.jocata.star.Sort.SortOnAmount"/>
</testsuite> <!-- com.jocata.star.Sort.SortOnAmount -->
